1621452125888	mozrunner::runner	INFO	Running command: "/Applications/Firefox.app/Contents/MacOS/firefox-bin" "-marionette" "-foreground" "-no-remote" "-profile" "/var/folders/3b/7s0rzsf910l8l_jkk6d75fz80000gn/T/rust_mozprofileoI1cy5"
console.warn: SearchSettings: "get: No settings file exists, new profile?" (new Error("", "(unknown module)"))
console.warn: SearchSettings: "get: No settings file exists, new profile?" (new Error("", "(unknown module)"))
1621452135391	Marionette	INFO	Listening on port 59456
1621452135509	Marionette	WARN	TLS certificate errors will be ignored for this session
1621452135561	Marionette	ERROR	[19] No reply from Marionette:Register
Exiting due to channel error.
[GFX1-]: Receive IPC close with reason=AbnormalShutdown
Exiting due to channel error.
[GFX1-]: Receive IPC close with reason=AbnormalShutdown
Exiting due to channel error.
1621452163473	mozrunner::runner	INFO	Running command: "/Applications/Firefox.app/Contents/MacOS/firefox-bin" "-marionette" "-foreground" "-no-remote" "-profile" "/var/folders/3b/7s0rzsf910l8l_jkk6d75fz80000gn/T/rust_mozprofileZkSGj8"
console.warn: SearchSettings: "get: No settings file exists, new profile?" (new Error("", "(unknown module)"))
console.warn: SearchSettings: "get: No settings file exists, new profile?" (new Error("", "(unknown module)"))
1621452167272	Marionette	INFO	Listening on port 59618
1621452167389	Marionette	WARN	TLS certificate errors will be ignored for this session
1621452167403	Marionette	ERROR	[19] No reply from Marionette:Register
1621452177354	Marionette	INFO	Stopped listening on port 59618

###!!! [Parent][RunMessage] Error: Channel closing: too late to send/recv, messages will be lost

1621452289934	mozrunner::runner	INFO	Running command: "/Applications/Firefox.app/Contents/MacOS/firefox-bin" "-marionette" "-foreground" "-no-remote" "-profile" "/var/folders/3b/7s0rzsf910l8l_jkk6d75fz80000gn/T/rust_mozprofilevBTz6Z"
console.warn: SearchSettings: "get: No settings file exists, new profile?" (new Error("", "(unknown module)"))
console.warn: SearchSettings: "get: No settings file exists, new profile?" (new Error("", "(unknown module)"))
1621452294636	Marionette	INFO	Listening on port 59757
1621452294744	Marionette	WARN	TLS certificate errors will be ignored for this session
1621452294759	Marionette	ERROR	[16] No reply from Marionette:Register
1621452300292	Marionette	INFO	Stopped listening on port 59757

###!!! [Parent][RunMessage] Error: Channel closing: too late to send/recv, messages will be lost

1621452304155	mozrunner::runner	INFO	Running command: "/Applications/Firefox.app/Contents/MacOS/firefox-bin" "-marionette" "-foreground" "-no-remote" "-profile" "/var/folders/3b/7s0rzsf910l8l_jkk6d75fz80000gn/T/rust_mozprofile069pSF"
console.warn: SearchSettings: "get: No settings file exists, new profile?" (new Error("", "(unknown module)"))
console.warn: SearchSettings: "get: No settings file exists, new profile?" (new Error("", "(unknown module)"))
1621452308223	Marionette	INFO	Listening on port 59859
1621452308315	Marionette	WARN	TLS certificate errors will be ignored for this session
1621452308332	Marionette	ERROR	[19] No reply from Marionette:Register
1621452318187	Marionette	INFO	Stopped listening on port 59859

###!!! [Parent][RunMessage] Error: Channel closing: too late to send/recv, messages will be lost

1621452338866	mozrunner::runner	INFO	Running command: "/Applications/Firefox.app/Contents/MacOS/firefox-bin" "-marionette" "-foreground" "-no-remote" "-profile" "/var/folders/3b/7s0rzsf910l8l_jkk6d75fz80000gn/T/rust_mozprofileQwbjZX"
console.warn: SearchSettings: "get: No settings file exists, new profile?" (new Error("", "(unknown module)"))
console.warn: SearchSettings: "get: No settings file exists, new profile?" (new Error("", "(unknown module)"))
1621452342701	Marionette	INFO	Listening on port 59959
1621452342830	Marionette	WARN	TLS certificate errors will be ignored for this session
1621452342842	Marionette	ERROR	[19] No reply from Marionette:Register
JavaScript error: , line 0: NotFoundError: No such JSWindowActor 'MarionetteEvents'
1621452343254	Marionette	INFO	Stopped listening on port 59959
JavaScript error: resource://activity-stream/lib/ASRouter.jsm, line 987: NS_ERROR_ILLEGAL_VALUE: Component returned failure code: 0x80070057 (NS_ERROR_ILLEGAL_VALUE) [nsIObserverService.removeObserver]

###!!! [Parent][RunMessage] Error: Channel closing: too late to send/recv, messages will be lost

1621452347464	mozrunner::runner	INFO	Running command: "/Applications/Firefox.app/Contents/MacOS/firefox-bin" "-marionette" "-foreground" "-no-remote" "-profile" "/var/folders/3b/7s0rzsf910l8l_jkk6d75fz80000gn/T/rust_mozprofiledXghlA"
console.warn: SearchSettings: "get: No settings file exists, new profile?" (new Error("", "(unknown module)"))
console.warn: SearchSettings: "get: No settings file exists, new profile?" (new Error("", "(unknown module)"))
1621452351602	Marionette	INFO	Listening on port 60027
1621452351714	Marionette	WARN	TLS certificate errors will be ignored for this session
1621452351726	Marionette	ERROR	[16] No reply from Marionette:Register
Exiting due to channel error.
[GFX1-]: Receive IPC close with reason=AbnormalShutdown
[GFX1-]: Receive IPC close with reason=AbnormalShutdown
Exiting due to channel error.
Exiting due to channel error.
1621452504474	mozrunner::runner	INFO	Running command: "/Applications/Firefox.app/Contents/MacOS/firefox-bin" "-marionette" "-foreground" "-no-remote" "-profile" "/var/folders/3b/7s0rzsf910l8l_jkk6d75fz80000gn/T/rust_mozprofileZSmJHZ"
console.warn: SearchSettings: "get: No settings file exists, new profile?" (new Error("", "(unknown module)"))
Exiting due to channel error.
[GFX1-]: Receive IPC close with reason=AbnormalShutdown
[GFX1-]: Receive IPC close with reason=AbnormalShutdown
Exiting due to channel error.
Exiting due to channel error.
1621452554399	mozrunner::runner	INFO	Running command: "/Applications/Firefox.app/Contents/MacOS/firefox-bin" "-marionette" "-foreground" "-no-remote" "-profile" "/var/folders/3b/7s0rzsf910l8l_jkk6d75fz80000gn/T/rust_mozprofileEFarQ6"
console.warn: SearchSettings: "get: No settings file exists, new profile?" (new Error("", "(unknown module)"))
console.warn: SearchSettings: "get: No settings file exists, new profile?" (new Error("", "(unknown module)"))
1621452558898	Marionette	INFO	Listening on port 60226
1621452558984	Marionette	WARN	TLS certificate errors will be ignored for this session
1621452559008	Marionette	ERROR	[19] No reply from Marionette:Register
[GFX1-]: Receive IPC close with reason=AbnormalShutdown
[GFX1-]: Receive IPC close with reason=AbnormalShutdown
Exiting due to channel error.
[GFX1-]: Receive IPC close with reason=AbnormalShutdown
Exiting due to channel error.
Exiting due to channel error.
